[2025-01-15 23:20:00] local.ERROR: Please provide a valid cache path. {"userId":3,"exception":"[object] (InvalidArgumentException(code: 0): Please provide a valid cache path. at /home/nexosdel/ecupadel.nexosdelecuador.com/public/vendor/laravel/framework/src/Illuminate/View/Compilers/Compiler.php:67)
[stacktrace]
#0 /home/nexosdel/ecupadel.nexosdelecuador.com/public/vendor/laravel/framework/src/Illuminate/View/ViewServiceProvider.php(97): Illuminate\\View\\Compilers\\Compiler->__construct()
#1 /home/nexosdel/ecupadel.nexosdelecuador.com/public/vendor/laravel/framework/src/Illuminate/Container/Container.php(937): Illuminate\\View\\ViewServiceProvider->Illuminate\\View\\{closure}()
#2 /home/nexosdel/ecupadel.nexosdelecuador.com/public/vendor/laravel/framework/src/Illuminate/Container/Container.php(819): Illuminate\\Container\\Container->build()
#3 /home/nexosdel/ecupadel.nexosdelecuador.com/public/vendor/laravel/framework/src/Illuminate/Foundation/Application.php(1051): Illuminate\\Container\\Container->resolve()
#4 /home/nexosdel/ecupadel.nexosdelecuador.com/public/vendor/laravel/framework/src/Illuminate/Container/Container.php(755): Illuminate\\Foundation\\Application->resolve()
#5 /home/nexosdel/ecupadel.nexosdelecuador.com/public/vendor/laravel/framework/src/Illuminate/Foundation/Application.php(1033): Illuminate\\Container\\Container->make()
#6 /home/nexosdel/ecupadel.nexosdelecuador.com/public/vendor/laravel/framework/src/Illuminate/View/ViewServiceProvider.php(168): Illuminate\\Foundation\\Application->make()
#7 [internal function]: Illuminate\\View\\ViewServiceProvider->Illuminate\\View\\{closure}()
#8 /home/nexosdel/ecupadel.nexosdelecuador.com/public/vendor/laravel/framework/src/Illuminate/View/Engines/EngineResolver.php(55): call_user_func()
#9 /home/nexosdel/ecupadel.nexosdelecuador.com/public/vendor/laravel/framework/src/Illuminate/View/Factory.php(326): Illuminate\\View\\Engines\\EngineResolver->resolve()
#10 /home/nexosdel/ecupadel.nexosdelecuador.com/public/vendor/laravel/framework/src/Illuminate/View/Factory.php(288): Illuminate\\View\\Factory->getEngineFromPath()
#11 /home/nexosdel/ecupadel.nexosdelecuador.com/public/vendor/laravel/framework/src/Illuminate/View/Factory.php(160): Illuminate\\View\\Factory->viewInstance()
#12 /home/nexosdel/ecupadel.nexosdelecuador.com/public/vendor/laravel/framework/src/Illuminate/Foundation/helpers.php(1062): Illuminate\\View\\Factory->make()
#13 /home/nexosdel/ecupadel.nexosdelecuador.com/public/routes/web.php(7): view()
#14 /home/nexosdel/ecupadel.nexosdelecuador.com/public/vendor/laravel/framework/src/Illuminate/Routing/CallableDispatcher.php(40): Illuminate\\Routing\\RouteFileRegistrar->{closure}()
#15 /home/nexosdel/ecupadel.nexosdelecuador.com/public/vendor/laravel/framework/src/Illuminate/Routing/Route.php(244): Illuminate\\Routing\\CallableDispatcher->dispatch()
#16 /home/nexosdel/ecupadel.nexosdelecuador.com/public/vendor/laravel/framework/src/Illuminate/Routing/Route.php(215): Illuminate\\Routing\\Route->runCallable()
#17 /home/nexosdel/ecupadel.nexosdelecuador.com/public/vendor/laravel/framework/src/Illuminate/Routing/Router.php(808): Illuminate\\Routing\\Route->run()
#18 /home/nexosdel/ecupadel.nexosdelecuador.com/public/vendor/laravel/framework/src/Illuminate/Pipeline/Pipeline.php(170): Illuminate\\Routing\\Router->Illuminate\\Routing\\{closure}()
#19 /home/nexosdel/ecupadel.nexosdelecuador.com/public/vendor/laravel/framework/src/Illuminate/Routing/Middleware/SubstituteBindings.php(51): Illuminate\\Pipeline\\Pipeline->Illuminate\\Pipeline\\{closure}()
#20 /home/nexosdel/ecupadel.nexosdelecuador.com/public/vendor/laravel/framework/src/Illuminate/Pipeline/Pipeline.php(209): Illuminate\\Routing\\Middleware\\SubstituteBindings->handle()
#21 /home/nexosdel/ecupadel.nexosdelecuador.com/public/vendor/laravel/framework/src/Illuminate/Foundation/Http/Middleware/VerifyCsrfToken.php(88): Illuminate\\Pipeline\\Pipeline->Illuminate\\Pipeline\\{closure}()
#22 /home/nexosdel/ecupadel.nexosdelecuador.com/public/vendor/laravel/framework/src/Illuminate/Pipeline/Pipeline.php(209): Illuminate\\Foundation\\Http\\Middleware\\VerifyCsrfToken->handle()
#23 /home/nexosdel/ecupadel.nexosdelecuador.com/public/vendor/laravel/framework/src/Illuminate/View/Middleware/ShareErrorsFromSession.php(49): Illuminate\\Pipeline\\Pipeline->Illuminate\\Pipeline\\{closure}()
#24 /home/nexosdel/ecupadel.nexosdelecuador.com/public/vendor/laravel/framework/src/Illuminate/Pipeline/Pipeline.php(209): Illuminate\\View\\Middleware\\ShareErrorsFromSession->handle()
#25 /home/nexosdel/ecupadel.nexosdelecuador.com/public/vendor/laravel/framework/src/Illuminate/Session/Middleware/StartSession.php(121): Illuminate\\Pipeline\\Pipeline->Illuminate\\Pipeline\\{closure}()
#26 /home/nexosdel/ecupadel.nexosdelecuador.com/public/vendor/laravel/framework/src/Illuminate/Session/Middleware/StartSession.php(64): Illuminate\\Session\\Middleware\\StartSession->handleStatefulRequest()
#27 /home/nexosdel/ecupadel.nexosdelecuador.com/public/vendor/laravel/framework/src/Illuminate/Pipeline/Pipeline.php(209): Illuminate\\Session\\Middleware\\StartSession->handle()
#28 /home/nexosdel/ecupadel.nexosdelecuador.com/public/vendor/laravel/framework/src/Illuminate/Cookie/Middleware/AddQueuedCookiesToResponse.php(37): Illuminate\\Pipeline\\Pipeline->Illuminate\\Pipeline\\{closure}()
#29 /home/nexosdel/ecupadel.nexosdelecuador.com/public/vendor/laravel/framework/src/Illuminate/Pipeline/Pipeline.php(209): Illuminate\\Cookie\\Middleware\\AddQueuedCookiesToResponse->handle()
#30 /home/nexosdel/ecupadel.nexosdelecuador.com/public/vendor/laravel/framework/src/Illuminate/Cookie/Middleware/EncryptCookies.php(75): Illuminate\\Pipeline\\Pipeline->Illuminate\\Pipeline\\{closure}()
#31 /home/nexosdel/ecupadel.nexosdelecuador.com/public/vendor/laravel/framework/src/Illuminate/Pipeline/Pipeline.php(209): Illuminate\\Cookie\\Middleware\\EncryptCookies->handle()
#32 /home/nexosdel/ecupadel.nexosdelecuador.com/public/vendor/laravel/framework/src/Illuminate/Pipeline/Pipeline.php(127): Illuminate\\Pipeline\\Pipeline->Illuminate\\Pipeline\\{closure}()
#33 /home/nexosdel/ecupadel.nexosdelecuador.com/public/vendor/laravel/framework/src/Illuminate/Routing/Router.php(807): Illuminate\\Pipeline\\Pipeline->then()
#34 /home/nexosdel/ecupadel.nexosdelecuador.com/public/vendor/laravel/framework/src/Illuminate/Routing/Router.php(786): Illuminate\\Routing\\Router->runRouteWithinStack()
#35 /home/nexosdel/ecupadel.nexosdelecuador.com/public/vendor/laravel/framework/src/Illuminate/Routing/Router.php(750): Illuminate\\Routing\\Router->runRoute()
#36 /home/nexosdel/ecupadel.nexosdelecuador.com/public/vendor/laravel/framework/src/Illuminate/Routing/Router.php(739): Illuminate\\Routing\\Router->dispatchToRoute()
#37 /home/nexosdel/ecupadel.nexosdelecuador.com/public/vendor/laravel/framework/src/Illuminate/Foundation/Http/Kernel.php(201): Illuminate\\Routing\\Router->dispatch()
#38 /home/nexosdel/ecupadel.nexosdelecuador.com/public/vendor/laravel/framework/src/Illuminate/Pipeline/Pipeline.php(170): Illuminate\\Foundation\\Http\\Kernel->Illuminate\\Foundation\\Http\\{closure}()
#39 /home/nexosdel/ecupadel.nexosdelecuador.com/public/vendor/laravel/framework/src/Illuminate/Foundation/Http/Middleware/TransformsRequest.php(21): Illuminate\\Pipeline\\Pipeline->Illuminate\\Pipeline\\{closure}()
#40 /home/nexosdel/ecupadel.nexosdelecuador.com/public/vendor/laravel/framework/src/Illuminate/Foundation/Http/Middleware/ConvertEmptyStringsToNull.php(31): Illuminate\\Foundation\\Http\\Middleware\\TransformsRequest->handle()
#41 /home/nexosdel/ecupadel.nexosdelecuador.com/public/vendor/laravel/framework/src/Illuminate/Pipeline/Pipeline.php(209): Illuminate\\Foundation\\Http\\Middleware\\ConvertEmptyStringsToNull->handle()
#42 /home/nexosdel/ecupadel.nexosdelecuador.com/public/vendor/laravel/framework/src/Illuminate/Foundation/Http/Middleware/TransformsRequest.php(21): Illuminate\\Pipeline\\Pipeline->Illuminate\\Pipeline\\{closure}()
#43 /home/nexosdel/ecupadel.nexosdelecuador.com/public/vendor/laravel/framework/src/Illuminate/Foundation/Http/Middleware/TrimStrings.php(51): Illuminate\\Foundation\\Http\\Middleware\\TransformsRequest->handle()
#44 /home/nexosdel/ecupadel.nexosdelecuador.com/public/vendor/laravel/framework/src/Illuminate/Pipeline/Pipeline.php(209): Illuminate\\Foundation\\Http\\Middleware\\TrimStrings->handle()
#45 /home/nexosdel/ecupadel.nexosdelecuador.com/public/vendor/laravel/framework/src/Illuminate/Http/Middleware/ValidatePostSize.php(27): Illuminate\\Pipeline\\Pipeline->Illuminate\\Pipeline\\{closure}()
#46 /home/nexosdel/ecupadel.nexosdelecuador.com/public/vendor/laravel/framework/src/Illuminate/Pipeline/Pipeline.php(209): Illuminate\\Http\\Middleware\\ValidatePostSize->handle()
#47 /home/nexosdel/ecupadel.nexosdelecuador.com/public/vendor/laravel/framework/src/Illuminate/Foundation/Http/Middleware/PreventRequestsDuringMaintenance.php(110): Illuminate\\Pipeline\\Pipeline->Illuminate\\Pipeline\\{closure}()
#48 /home/nexosdel/ecupadel.nexosdelecuador.com/public/vendor/laravel/framework/src/Illuminate/Pipeline/Pipeline.php(209): Illuminate\\Foundation\\Http\\Middleware\\PreventRequestsDuringMaintenance->handle()
#49 /home/nexosdel/ecupadel.nexosdelecuador.com/public/vendor/laravel/framework/src/Illuminate/Http/Middleware/HandleCors.php(49): Illuminate\\Pipeline\\Pipeline->Illuminate\\Pipeline\\{closure}()
#50 /home/nexosdel/ecupadel.nexosdelecuador.com/public/vendor/laravel/framework/src/Illuminate/Pipeline/Pipeline.php(209): Illuminate\\Http\\Middleware\\HandleCors->handle()
#51 /home/nexosdel/ecupadel.nexosdelecuador.com/public/vendor/laravel/framework/src/Illuminate/Http/Middleware/TrustProxies.php(58): Illuminate\\Pipeline\\Pipeline->Illuminate\\Pipeline\\{closure}()
#52 /home/nexosdel/ecupadel.nexosdelecuador.com/public/vendor/laravel/framework/src/Illuminate/Pipeline/Pipeline.php(209): Illuminate\\Http\\Middleware\\TrustProxies->handle()
#53 /home/nexosdel/ecupadel.nexosdelecuador.com/public/vendor/laravel/framework/src/Illuminate/Foundation/Http/Middleware/InvokeDeferredCallbacks.php(22): Illuminate\\Pipeline\\Pipeline->Illuminate\\Pipeline\\{closure}()
#54 /home/nexosdel/ecupadel.nexosdelecuador.com/public/vendor/laravel/framework/src/Illuminate/Pipeline/Pipeline.php(209): Illuminate\\Foundation\\Http\\Middleware\\InvokeDeferredCallbacks->handle()
#55 /home/nexosdel/ecupadel.nexosdelecuador.com/public/vendor/laravel/framework/src/Illuminate/Pipeline/Pipeline.php(127): Illuminate\\Pipeline\\Pipeline->Illuminate\\Pipeline\\{closure}()
#56 /home/nexosdel/ecupadel.nexosdelecuador.com/public/vendor/laravel/framework/src/Illuminate/Foundation/Http/Kernel.php(176): Illuminate\\Pipeline\\Pipeline->then()
#57 /home/nexosdel/ecupadel.nexosdelecuador.com/public/vendor/laravel/framework/src/Illuminate/Foundation/Http/Kernel.php(145): Illuminate\\Foundation\\Http\\Kernel->sendRequestThroughRouter()
#58 /home/nexosdel/ecupadel.nexosdelecuador.com/public/vendor/laravel/framework/src/Illuminate/Foundation/Application.php(1193): Illuminate\\Foundation\\Http\\Kernel->handle()
#59 /home/nexosdel/ecupadel.nexosdelecuador.com/public/public/index.php(17): Illuminate\\Foundation\\Application->handleRequest()
#60 {main}
"} 
